C:\USERS\ALEXC_000\DOCUMENTS\PROJECT-WRZESIEN\DEBUG\PROJEKTWRZESIEN.EXE
C:\USERS\ALEXC_000\DOCUMENTS\PROJECT-WRZESIEN\DEBUG\PROJEKTWRZESIEN.ILK
C:\USERS\ALEXC_000\DOCUMENTS\PROJECT-WRZESIEN\DEBUG\PROJEKTWRZESIEN.PDB
C:\Users\alexc_000\Documents\Project-Wrzesien\ProjektWrzesien\Debug\cl.command.1.tlog
C:\Users\alexc_000\Documents\Project-Wrzesien\ProjektWrzesien\Debug\CL.read.1.tlog
C:\Users\alexc_000\Documents\Project-Wrzesien\ProjektWrzesien\Debug\CL.write.1.tlog
C:\USERS\ALEXC_000\DOCUMENTS\PROJECT-WRZESIEN\PROJEKTWRZESIEN\DEBUG\CZLOWIEK.OBJ
C:\USERS\ALEXC_000\DOCUMENTS\PROJECT-WRZESIEN\PROJEKTWRZESIEN\DEBUG\ERROR.OBJ
C:\USERS\ALEXC_000\DOCUMENTS\PROJECT-WRZESIEN\PROJEKTWRZESIEN\DEBUG\KLIENCI.OBJ
C:\USERS\ALEXC_000\DOCUMENTS\PROJECT-WRZESIEN\PROJEKTWRZESIEN\DEBUG\KLIENT.OBJ
C:\Users\alexc_000\Documents\Project-Wrzesien\ProjektWrzesien\Debug\link.command.1.tlog
C:\Users\alexc_000\Documents\Project-Wrzesien\ProjektWrzesien\Debug\link.read.1.tlog
C:\Users\alexc_000\Documents\Project-Wrzesien\ProjektWrzesien\Debug\link.write.1.tlog
C:\USERS\ALEXC_000\DOCUMENTS\PROJECT-WRZESIEN\PROJEKTWRZESIEN\DEBUG\MAIN.OBJ
C:\USERS\ALEXC_000\DOCUMENTS\PROJECT-WRZESIEN\PROJEKTWRZESIEN\DEBUG\MENU.OBJ
C:\Users\alexc_000\Documents\Project-Wrzesien\ProjektWrzesien\Debug\mt.command.1.tlog
C:\Users\alexc_000\Documents\Project-Wrzesien\ProjektWrzesien\Debug\mt.read.1.tlog
C:\Users\alexc_000\Documents\Project-Wrzesien\ProjektWrzesien\Debug\mt.write.1.tlog
C:\USERS\ALEXC_000\DOCUMENTS\PROJECT-WRZESIEN\PROJEKTWRZESIEN\DEBUG\PRACOWNICY.OBJ
C:\USERS\ALEXC_000\DOCUMENTS\PROJECT-WRZESIEN\PROJEKTWRZESIEN\DEBUG\PRACOWNIK.OBJ
C:\USERS\ALEXC_000\DOCUMENTS\PROJECT-WRZESIEN\PROJEKTWRZESIEN\DEBUG\PROJEKTWRZESIEN.EXE.INTERMEDIATE.MANIFEST
C:\Users\alexc_000\Documents\Project-Wrzesien\ProjektWrzesien\Debug\ProjektWrzesien.vcxprojResolveAssemblyReference.cache
C:\Users\alexc_000\Documents\Project-Wrzesien\ProjektWrzesien\Debug\ProjektWrzesien.write.1.tlog
C:\USERS\ALEXC_000\DOCUMENTS\PROJECT-WRZESIEN\PROJEKTWRZESIEN\DEBUG\PRZYCISK.OBJ
C:\USERS\ALEXC_000\DOCUMENTS\PROJECT-WRZESIEN\PROJEKTWRZESIEN\DEBUG\SPRZET.OBJ
C:\USERS\ALEXC_000\DOCUMENTS\PROJECT-WRZESIEN\PROJEKTWRZESIEN\DEBUG\SPRZETY.OBJ
C:\Users\alexc_000\Documents\Project-Wrzesien\ProjektWrzesien\Debug\vc100.idb
C:\USERS\ALEXC_000\DOCUMENTS\PROJECT-WRZESIEN\PROJEKTWRZESIEN\DEBUG\VC100.PDB
C:\USERS\ALEXC_000\DOCUMENTS\PROJECT-WRZESIEN\PROJEKTWRZESIEN\DEBUG\ZLECENIA.OBJ
C:\USERS\ALEXC_000\DOCUMENTS\PROJECT-WRZESIEN\PROJEKTWRZESIEN\DEBUG\ZLECENIE.OBJ
